"../../../Engine/Content/EditorResources/S_Actor.ubulk" 0
"../../../Engine/Content/EditorResources/S_Actor.uasset" 1
"../../../Engine/Content/EditorResources/S_Actor.uexp" 2
"../../../Engine/Content/EditorResources/S_BoxReflectionCapture.uasset" 3
"../../../Engine/Content/EditorResources/S_BoxReflectionCapture.uexp" 4
"../../../Engine/Content/EngineResources/DefaultTexture.ubulk" 5
"../../../Engine/Content/EngineResources/DefaultTexture.uasset" 6
"../../../Engine/Content/EngineResources/DefaultTexture.uexp" 7
"../../../Engine/Content/EngineResources/DefaultTextureCube.uasset" 8
"../../../Engine/Content/EngineResources/DefaultTextureCube.uexp" 9
"../../../Engine/Content/EngineResources/DefaultVolumeTexture2D.uasset" 10
"../../../Engine/Content/EngineResources/DefaultVolumeTexture2D.uexp" 11
"../../../Engine/Content/EngineResources/DefaultVolumeTexture.uasset" 12
"../../../Engine/Content/EngineResources/DefaultVolumeTexture.uexp" 13
"../../../Engine/Content/EditorResources/S_Trigger.ubulk" 14
"../../../Engine/Content/EditorResources/S_Trigger.uasset" 15
"../../../Engine/Content/EditorResources/S_Trigger.uexp" 16
"../../../Engine/Content/EditorResources/S_TriggerBox.uasset" 17
"../../../Engine/Content/EditorResources/S_TriggerBox.uexp" 18
"../../../Engine/Content/EditorResources/S_TriggerCapsule.uasset" 19
"../../../Engine/Content/EditorResources/S_TriggerCapsule.uexp" 20
"../../../Engine/Content/EditorResources/S_TriggerSphere.uasset" 21
"../../../Engine/Content/EditorResources/S_TriggerSphere.uexp" 22
"../../../Engine/Content/EngineMeshes/Sphere.ubulk" 23
"../../../Engine/Content/EngineMeshes/Sphere.uasset" 24
"../../../Engine/Content/EngineMeshes/Sphere.uexp" 25
"../../../Engine/Content/EngineResources/GradientTexture0.uasset" 26
"../../../Engine/Content/EngineResources/GradientTexture0.uexp" 27
"../../../Engine/Content/EngineResources/Black.uasset" 28
"../../../Engine/Content/EngineResources/Black.uexp" 29
"../../../Engine/Content/VREditor/LaserPointer/VR_LaserPower_01.ubulk" 30
"../../../Engine/Content/VREditor/LaserPointer/VR_LaserPower_01.uasset" 31
"../../../Engine/Content/VREditor/LaserPointer/VR_LaserPower_01.uexp" 32
"../../../Engine/Content/VREditor/TransformGizmo/TransformGizmoMaterial.uasset" 33
"../../../Engine/Content/VREditor/TransformGizmo/TransformGizmoMaterial.uexp" 34
"../../../Engine/Content/VREditor/TransformGizmo/TranslucentTransformGizmoMaterial.uasset" 35
"../../../Engine/Content/VREditor/TransformGizmo/TranslucentTransformGizmoMaterial.uexp" 36
"../../../Engine/Content/VREditor/TransformGizmo/PlaneTranslationHandle.ubulk" 37
"../../../Engine/Content/VREditor/TransformGizmo/PlaneTranslationHandle.uasset" 38
"../../../Engine/Content/VREditor/TransformGizmo/PlaneTranslationHandle.uexp" 39
"../../../Engine/Content/VREditor/TransformGizmo/BoundingBoxCorner.ubulk" 40
"../../../Engine/Content/VREditor/TransformGizmo/BoundingBoxCorner.uasset" 41
"../../../Engine/Content/VREditor/TransformGizmo/BoundingBoxCorner.uexp" 42
"../../../Engine/Content/VREditor/TransformGizmo/BoundingBoxEdge.ubulk" 43
"../../../Engine/Content/VREditor/TransformGizmo/BoundingBoxEdge.uasset" 44
"../../../Engine/Content/VREditor/TransformGizmo/BoundingBoxEdge.uexp" 45
"../../../Engine/Content/VREditor/TransformGizmo/Main.uasset" 46
"../../../Engine/Content/VREditor/TransformGizmo/Main.uexp" 47
"../../../Engine/Content/VREditor/TransformGizmo/Xray.uasset" 48
"../../../Engine/Content/VREditor/TransformGizmo/Xray.uexp" 49
"../../../Engine/Content/VREditor/TransformGizmo/SM_Sequencer_Node.ubulk" 50
"../../../Engine/Content/VREditor/TransformGizmo/SM_Sequencer_Node.uasset" 51
"../../../Engine/Content/VREditor/TransformGizmo/SM_Sequencer_Node.uexp" 52
"../../../Engine/Content/EditorMaterials/Camera/CineMat.uasset" 53
"../../../Engine/Content/EditorMaterials/Camera/CineMat.uexp" 54
"../../../Engine/Content/EditorMaterials/Camera/MI_CineMat_Rig.uasset" 55
"../../../Engine/Content/EditorMaterials/Camera/MI_CineMat_Rig.uexp" 56
"../../../Engine/Content/EditorMeshes/Camera/SM_CraneRig_Base.ubulk" 57
"../../../Engine/Content/EditorMeshes/Camera/SM_CraneRig_Base.uasset" 58
"../../../Engine/Content/EditorMeshes/Camera/SM_CraneRig_Base.uexp" 59
"../../../Engine/Content/EditorMeshes/Camera/SM_CraneRig_Arm.ubulk" 60
"../../../Engine/Content/EditorMeshes/Camera/SM_CraneRig_Arm.uasset" 61
"../../../Engine/Content/EditorMeshes/Camera/SM_CraneRig_Arm.uexp" 62
"../../../Engine/Content/EditorMeshes/Camera/SM_CraneRig_Mount.ubulk" 63
"../../../Engine/Content/EditorMeshes/Camera/SM_CraneRig_Mount.uasset" 64
"../../../Engine/Content/EditorMeshes/Camera/SM_CraneRig_Mount.uexp" 65
"../../../Engine/Content/EditorMeshes/Camera/SM_CraneRig_Body.ubulk" 66
"../../../Engine/Content/EditorMeshes/Camera/SM_CraneRig_Body.uasset" 67
"../../../Engine/Content/EditorMeshes/Camera/SM_CraneRig_Body.uexp" 68
"../../../Engine/Content/EditorMeshes/Camera/SM_RailRig_Track.ubulk" 69
"../../../Engine/Content/EditorMeshes/Camera/SM_RailRig_Track.uasset" 70
"../../../Engine/Content/EditorMeshes/Camera/SM_RailRig_Track.uexp" 71
"../../../Engine/Content/EditorMeshes/Camera/SM_RailRig_Mount.ubulk" 72
"../../../Engine/Content/EditorMeshes/Camera/SM_RailRig_Mount.uasset" 73
"../../../Engine/Content/EditorMeshes/Camera/SM_RailRig_Mount.uexp" 74
"../../../Engine/Content/EngineMaterials/T_Default_Material_Grid_M.ubulk" 75
"../../../Engine/Content/EngineMaterials/T_Default_Material_Grid_M.uasset" 76
"../../../Engine/Content/EngineMaterials/T_Default_Material_Grid_M.uexp" 77
"../../../Engine/Content/EngineMaterials/T_Default_Material_Grid_N.ubulk" 78
"../../../Engine/Content/EngineMaterials/T_Default_Material_Grid_N.uasset" 79
"../../../Engine/Content/EngineMaterials/T_Default_Material_Grid_N.uexp" 80
"../../../Engine/Content/Functions/Engine_MaterialFunctions01/Opacity/CameraDepthFade.uasset" 81
"../../../Engine/Content/Functions/Engine_MaterialFunctions01/Opacity/CameraDepthFade.uexp" 82
"../../../Engine/Content/EngineMaterials/WorldGridMaterial.uasset" 83
"../../../Engine/Content/EngineMaterials/WorldGridMaterial.uexp" 84
"../../../Engine/Content/ArtTools/RenderToTexture/Meshes/S_1_Unit_Plane.ubulk" 85
"../../../Engine/Content/ArtTools/RenderToTexture/Meshes/S_1_Unit_Plane.uasset" 86
"../../../Engine/Content/ArtTools/RenderToTexture/Meshes/S_1_Unit_Plane.uexp" 87
"../../../Engine/Content/EditorMaterials/ParticleSystems/PSysThumbnail_NoImage.ubulk" 88
"../../../Engine/Content/EditorMaterials/ParticleSystems/PSysThumbnail_NoImage.uasset" 89
"../../../Engine/Content/EditorMaterials/ParticleSystems/PSysThumbnail_NoImage.uexp" 90
"../../../Engine/Content/EditorMaterials/ParticleSystems/PSysThumbnail_OOD.ubulk" 91
"../../../Engine/Content/EditorMaterials/ParticleSystems/PSysThumbnail_OOD.uasset" 92
"../../../Engine/Content/EditorMaterials/ParticleSystems/PSysThumbnail_OOD.uexp" 93
"../../../Engine/Content/EditorLandscapeResources/SplineEditorMeshMat.uasset" 94
"../../../Engine/Content/EditorLandscapeResources/SplineEditorMeshMat.uexp" 95
"../../../Engine/Content/EditorLandscapeResources/SplineEditorMesh.ubulk" 96
"../../../Engine/Content/EditorLandscapeResources/SplineEditorMesh.uasset" 97
"../../../Engine/Content/EditorLandscapeResources/SplineEditorMesh.uexp" 98
"../../../Engine/Content/EditorResources/S_Solver.ubulk" 99
"../../../Engine/Content/EditorResources/S_Solver.uasset" 100
"../../../Engine/Content/EditorResources/S_Solver.uexp" 101
"../../../Engine/Plugins/Media/MediaPlate/Content/SM_MediaPlateScreen.ubulk" 102
"../../../Engine/Plugins/Media/MediaPlate/Content/SM_MediaPlateScreen.uasset" 103
"../../../Engine/Plugins/Media/MediaPlate/Content/SM_MediaPlateScreen.uexp" 104
"../../../Engine/Content/EngineMaterials/Good64x64TilingNoiseHighFreq.uasset" 105
"../../../Engine/Content/EngineMaterials/Good64x64TilingNoiseHighFreq.uexp" 106
"../../../Engine/Content/EngineMaterials/DefaultBokeh.uasset" 107
"../../../Engine/Content/EngineMaterials/DefaultBokeh.uexp" 108
"../../../Engine/Content/EngineMaterials/PreintegratedSkinBRDF.uasset" 109
"../../../Engine/Content/EngineMaterials/PreintegratedSkinBRDF.uexp" 110
"../../../Engine/Content/EngineMaterials/MiniFont.uasset" 111
"../../../Engine/Content/EngineMaterials/MiniFont.uexp" 112
"../../../Engine/Content/EngineMaterials/WeightMapPlaceholderTexture.uasset" 113
"../../../Engine/Content/EngineMaterials/WeightMapPlaceholderTexture.uexp" 114
"../../../Engine/Content/EngineMaterials/DefaultWhiteGrid.ubulk" 115
"../../../Engine/Content/EngineMaterials/DefaultWhiteGrid.uasset" 116
"../../../Engine/Content/EngineMaterials/DefaultWhiteGrid.uexp" 117
"../../../Engine/Plugins/2D/Paper2D/Content/PlaceholderTextures/DummySpriteTexture.ubulk" 118
"../../../Engine/Plugins/2D/Paper2D/Content/PlaceholderTextures/DummySpriteTexture.uasset" 119
"../../../Engine/Plugins/2D/Paper2D/Content/PlaceholderTextures/DummySpriteTexture.uexp" 120
"../../../Engine/Plugins/2D/Paper2D/Content/DefaultSpriteMaterial.uasset" 121
"../../../Engine/Plugins/2D/Paper2D/Content/DefaultSpriteMaterial.uexp" 122
"../../../Engine/Plugins/2D/Paper2D/Content/OpaqueUnlitSpriteMaterial.uasset" 123
"../../../Engine/Plugins/2D/Paper2D/Content/OpaqueUnlitSpriteMaterial.uexp" 124
"../../../Engine/Plugins/2D/Paper2D/Content/MaskedUnlitSpriteMaterial.uasset" 125
"../../../Engine/Plugins/2D/Paper2D/Content/MaskedUnlitSpriteMaterial.uexp" 126
"../../../Engine/Plugins/2D/Paper2D/Content/DummySprite.uasset" 127
"../../../Engine/Plugins/2D/Paper2D/Content/DummySprite.uexp" 128
"../../../Engine/Plugins/2D/Paper2D/Content/DefaultPaperTerrainMaterial.uasset" 129
"../../../Engine/Plugins/2D/Paper2D/Content/DefaultPaperTerrainMaterial.uexp" 130
"../../../Engine/Content/Functions/Engine_MaterialFunctions02/WorldPositionOffset/CameraOffset.uasset" 131
"../../../Engine/Content/Functions/Engine_MaterialFunctions02/WorldPositionOffset/CameraOffset.uexp" 132
"../../../Engine/Plugins/Animation/ControlRig/Content/M_Manip.uasset" 133
"../../../Engine/Plugins/Animation/ControlRig/Content/M_Manip.uexp" 134
"../../../Engine/Content/EditorMaterials/PreviewShadowIndicator.ubulk" 135
"../../../Engine/Content/EditorMaterials/PreviewShadowIndicator.uasset" 136
"../../../Engine/Content/EditorMaterials/PreviewShadowIndicator.uexp" 137
"../../../Engine/Content/EditorMaterials/PreviewShadowIndicatorMaterial.uasset" 138
"../../../Engine/Content/EditorMaterials/PreviewShadowIndicatorMaterial.uexp" 139
"../../../Engine/Content/EditorMaterials/PhAT_UnselectedMaterial.uasset" 140
"../../../Engine/Content/EditorMaterials/PhAT_UnselectedMaterial.uexp" 141
"../../../Engine/Content/EditorMaterials/PhAT_NoCollisionMaterial.uasset" 142
"../../../Engine/Content/EditorMaterials/PhAT_NoCollisionMaterial.uexp" 143
"../../../Engine/Content/Functions/Engine_MaterialFunctions02/Utility/CameraDirectionVector.uasset" 144
"../../../Engine/Content/Functions/Engine_MaterialFunctions02/Utility/CameraDirectionVector.uexp" 145
"../../../Engine/Content/EngineDebugMaterials/VolumeToRender.uasset" 146
"../../../Engine/Content/EngineDebugMaterials/VolumeToRender.uexp" 147
"../../../Engine/Content/EngineDebugMaterials/M_VolumeRenderSphereTracePP.uasset" 148
"../../../Engine/Content/EngineDebugMaterials/M_VolumeRenderSphereTracePP.uexp" 149
"../../../Engine/Content/EngineDebugMaterials/M_SimpleUnlitTranslucent.uasset" 150
"../../../Engine/Content/EngineDebugMaterials/M_SimpleUnlitTranslucent.uexp" 151
"../../../Engine/Content/EngineResources/WhiteSquareTexture.uasset" 152
"../../../Engine/Content/EngineResources/WhiteSquareTexture.uexp" 153
"../../../Engine/Content/EngineMaterials/Widget3DPassThrough.uasset" 154
"../../../Engine/Content/EngineMaterials/Widget3DPassThrough.uexp" 155
"../../../Engine/Content/EngineMaterials/Widget3DPassThrough_Translucent.uasset" 156
"../../../Engine/Content/EngineMaterials/Widget3DPassThrough_Translucent.uexp" 157
"../../../Engine/Content/EngineMaterials/Widget3DPassThrough_Translucent_OneSided.uasset" 158
"../../../Engine/Content/EngineMaterials/Widget3DPassThrough_Translucent_OneSided.uexp" 159
"../../../Engine/Content/EngineMaterials/Widget3DPassThrough_Opaque.uasset" 160
"../../../Engine/Content/EngineMaterials/Widget3DPassThrough_Opaque.uexp" 161
"../../../Engine/Content/EngineMaterials/Widget3DPassThrough_Opaque_OneSided.uasset" 162
"../../../Engine/Content/EngineMaterials/Widget3DPassThrough_Opaque_OneSided.uexp" 163
"../../../Engine/Content/EngineMaterials/Widget3DPassThrough_Masked_OneSided.uasset" 164
"../../../Engine/Content/EngineMaterials/Widget3DPassThrough_Masked_OneSided.uexp" 165
"../../../Engine/Content/EngineMaterials/Widget3DPassThrough_Masked.uasset" 166
"../../../Engine/Content/EngineMaterials/Widget3DPassThrough_Masked.uexp" 167
"../../../Engine/Plugins/Animation/ControlRig/Content/Controls/DefaultGizmoLibraryNormalized.uasset" 168
"../../../Engine/Plugins/Animation/ControlRig/Content/Controls/DefaultGizmoLibraryNormalized.uexp" 169
"../../../Engine/Plugins/Animation/ControlRig/Content/Controls/ControlRig_Wedge_solid.ubulk" 170
"../../../Engine/Plugins/Animation/ControlRig/Content/Controls/ControlRig_Wedge_solid.uasset" 171
"../../../Engine/Plugins/Animation/ControlRig/Content/Controls/ControlRig_Wedge_solid.uexp" 172
"../../../Engine/Plugins/Animation/ControlRig/Content/Controls/ControlRig_Wedge_3mm.ubulk" 173
"../../../Engine/Plugins/Animation/ControlRig/Content/Controls/ControlRig_Wedge_3mm.uasset" 174
"../../../Engine/Plugins/Animation/ControlRig/Content/Controls/ControlRig_Wedge_3mm.uexp" 175
"../../../Engine/Plugins/Animation/ControlRig/Content/Controls/ControlRig_Wedge_1mm.ubulk" 176
"../../../Engine/Plugins/Animation/ControlRig/Content/Controls/ControlRig_Wedge_1mm.uasset" 177
"../../../Engine/Plugins/Animation/ControlRig/Content/Controls/ControlRig_Wedge_1mm.uexp" 178
"../../../Engine/Plugins/Animation/ControlRig/Content/Controls/ControlRig_Triangle_solid.ubulk" 179
"../../../Engine/Plugins/Animation/ControlRig/Content/Controls/ControlRig_Triangle_solid.uasset" 180
"../../../Engine/Plugins/Animation/ControlRig/Content/Controls/ControlRig_Triangle_solid.uexp" 181
"../../../Engine/Plugins/Animation/ControlRig/Content/Controls/ControlRig_Triangle_3mm.ubulk" 182
"../../../Engine/Plugins/Animation/ControlRig/Content/Controls/ControlRig_Triangle_3mm.uasset" 183
"../../../Engine/Plugins/Animation/ControlRig/Content/Controls/ControlRig_Triangle_3mm.uexp" 184
"../../../Engine/Plugins/Animation/ControlRig/Content/Controls/ControlRig_Triangle_1mm.ubulk" 185
"../../../Engine/Plugins/Animation/ControlRig/Content/Controls/ControlRig_Triangle_1mm.uasset" 186
"../../../Engine/Plugins/Animation/ControlRig/Content/Controls/ControlRig_Triangle_1mm.uexp" 187
"../../../Engine/Plugins/Animation/ControlRig/Content/Controls/ControlRig_Star4_solid.ubulk" 188
"../../../Engine/Plugins/Animation/ControlRig/Content/Controls/ControlRig_Star4_solid.uasset" 189
"../../../Engine/Plugins/Animation/ControlRig/Content/Controls/ControlRig_Star4_solid.uexp" 190
"../../../Engine/Plugins/Animation/ControlRig/Content/Controls/ControlRig_Star4_3mm.ubulk" 191
"../../../Engine/Plugins/Animation/ControlRig/Content/Controls/ControlRig_Star4_3mm.uasset" 192
"../../../Engine/Plugins/Animation/ControlRig/Content/Controls/ControlRig_Star4_3mm.uexp" 193
"../../../Engine/Plugins/Animation/ControlRig/Content/Controls/ControlRig_Star4_1mm.ubulk" 194
"../../../Engine/Plugins/Animation/ControlRig/Content/Controls/ControlRig_Star4_1mm.uasset" 195
"../../../Engine/Plugins/Animation/ControlRig/Content/Controls/ControlRig_Star4_1mm.uexp" 196
"../../../Engine/Plugins/Animation/ControlRig/Content/Controls/ControlRig_Square_solid.ubulk" 197
"../../../Engine/Plugins/Animation/ControlRig/Content/Controls/ControlRig_Square_solid.uasset" 198
"../../../Engine/Plugins/Animation/ControlRig/Content/Controls/ControlRig_Square_solid.uexp" 199
"../../../Engine/Plugins/Animation/ControlRig/Content/Controls/ControlRig_Square_3mm.ubulk" 200
"../../../Engine/Plugins/Animation/ControlRig/Content/Controls/ControlRig_Square_3mm.uasset" 201
"../../../Engine/Plugins/Animation/ControlRig/Content/Controls/ControlRig_Square_3mm.uexp" 202
"../../../Engine/Plugins/Animation/ControlRig/Content/Controls/ControlRig_Square_1mm.ubulk" 203
"../../../Engine/Plugins/Animation/ControlRig/Content/Controls/ControlRig_Square_1mm.uasset" 204
"../../../Engine/Plugins/Animation/ControlRig/Content/Controls/ControlRig_Square_1mm.uexp" 205
"../../../Engine/Plugins/Animation/ControlRig/Content/Controls/ControlRig_Sphere_solid.ubulk" 206
"../../../Engine/Plugins/Animation/ControlRig/Content/Controls/ControlRig_Sphere_solid.uasset" 207
"../../../Engine/Plugins/Animation/ControlRig/Content/Controls/ControlRig_Sphere_solid.uexp" 208
"../../../Engine/Plugins/Animation/ControlRig/Content/Controls/ControlRig_Sphere_3mm.ubulk" 209
"../../../Engine/Plugins/Animation/ControlRig/Content/Controls/ControlRig_Sphere_3mm.uasset" 210
"../../../Engine/Plugins/Animation/ControlRig/Content/Controls/ControlRig_Sphere_3mm.uexp" 211
"../../../Engine/Plugins/Animation/ControlRig/Content/Controls/ControlRig_Sphere_1mm.ubulk" 212
"../../../Engine/Plugins/Animation/ControlRig/Content/Controls/ControlRig_Sphere_1mm.uasset" 213
"../../../Engine/Plugins/Animation/ControlRig/Content/Controls/ControlRig_Sphere_1mm.uexp" 214
"../../../Engine/Plugins/Animation/ControlRig/Content/Controls/ControlRig_RoundedTriangle_solid.ubulk" 215
"../../../Engine/Plugins/Animation/ControlRig/Content/Controls/ControlRig_RoundedTriangle_solid.uasset" 216
"../../../Engine/Plugins/Animation/ControlRig/Content/Controls/ControlRig_RoundedTriangle_solid.uexp" 217
"../../../Engine/Plugins/Animation/ControlRig/Content/Controls/ControlRig_RoundedTriangle_3mm.ubulk" 218
"../../../Engine/Plugins/Animation/ControlRig/Content/Controls/ControlRig_RoundedTriangle_3mm.uasset" 219
"../../../Engine/Plugins/Animation/ControlRig/Content/Controls/ControlRig_RoundedTriangle_3mm.uexp" 220
"../../../Engine/Plugins/Animation/ControlRig/Content/Controls/ControlRig_RoundedTriangle_1mm.ubulk" 221
"../../../Engine/Plugins/Animation/ControlRig/Content/Controls/ControlRig_RoundedTriangle_1mm.uasset" 222
"../../../Engine/Plugins/Animation/ControlRig/Content/Controls/ControlRig_RoundedTriangle_1mm.uexp" 223
"../../../Engine/Plugins/Animation/ControlRig/Content/Controls/ControlRig_RoundedSquare_solid.ubulk" 224
"../../../Engine/Plugins/Animation/ControlRig/Content/Controls/ControlRig_RoundedSquare_solid.uasset" 225
"../../../Engine/Plugins/Animation/ControlRig/Content/Controls/ControlRig_RoundedSquare_solid.uexp" 226
"../../../Engine/Plugins/Animation/ControlRig/Content/Controls/ControlRig_RoundedSquare_3mm.ubulk" 227
"../../../Engine/Plugins/Animation/ControlRig/Content/Controls/ControlRig_RoundedSquare_3mm.uasset" 228
"../../../Engine/Plugins/Animation/ControlRig/Content/Controls/ControlRig_RoundedSquare_3mm.uexp" 229
"../../../Engine/Plugins/Animation/ControlRig/Content/Controls/ControlRig_RoundedSquare_1mm.ubulk" 230
"../../../Engine/Plugins/Animation/ControlRig/Content/Controls/ControlRig_RoundedSquare_1mm.uasset" 231
"../../../Engine/Plugins/Animation/ControlRig/Content/Controls/ControlRig_RoundedSquare_1mm.uexp" 232
"../../../Engine/Plugins/Animation/ControlRig/Content/Controls/ControlRig_QuarterCircle_solid.ubulk" 233
"../../../Engine/Plugins/Animation/ControlRig/Content/Controls/ControlRig_QuarterCircle_solid.uasset" 234
"../../../Engine/Plugins/Animation/ControlRig/Content/Controls/ControlRig_QuarterCircle_solid.uexp" 235
"../../../Engine/Plugins/Animation/ControlRig/Content/Controls/ControlRig_QuarterCircle_3mm.ubulk" 236
"../../../Engine/Plugins/Animation/ControlRig/Content/Controls/ControlRig_QuarterCircle_3mm.uasset" 237
"../../../Engine/Plugins/Animation/ControlRig/Content/Controls/ControlRig_QuarterCircle_3mm.uexp" 238
"../../../Engine/Plugins/Animation/ControlRig/Content/Controls/ControlRig_QuarterCircle_1mm.ubulk" 239
"../../../Engine/Plugins/Animation/ControlRig/Content/Controls/ControlRig_QuarterCircle_1mm.uasset" 240
"../../../Engine/Plugins/Animation/ControlRig/Content/Controls/ControlRig_QuarterCircle_1mm.uexp" 241
"../../../Engine/Plugins/Animation/ControlRig/Content/Controls/ControlRig_Pyramid_solid.ubulk" 242
"../../../Engine/Plugins/Animation/ControlRig/Content/Controls/ControlRig_Pyramid_solid.uasset" 243
"../../../Engine/Plugins/Animation/ControlRig/Content/Controls/ControlRig_Pyramid_solid.uexp" 244
"../../../Engine/Plugins/Runtime/MeshModelingToolset/Content/Materials/M_DynamicMeshComponentVtxColor.uasset" 245
"../../../Engine/Plugins/Runtime/MeshModelingToolset/Content/Materials/M_DynamicMeshComponentVtxColor.uexp" 246
"../../../Engine/Plugins/Interchange/Runtime/Content/Pipelines/DefaultTexturePipeline.uasset" 247
"../../../Engine/Plugins/Interchange/Runtime/Content/Pipelines/DefaultTexturePipeline.uexp" 248
"../../../Engine/Plugins/Interchange/Runtime/Content/Pipelines/DefaultSceneLevelPipeline.uasset" 249
"../../../Engine/Plugins/Interchange/Runtime/Content/Pipelines/DefaultSceneLevelPipeline.uexp" 250
"../../../Engine/Plugins/Interchange/Runtime/Content/Pipelines/DefaultSceneAssetsPipeline.uasset" 251
"../../../Engine/Plugins/Interchange/Runtime/Content/Pipelines/DefaultSceneAssetsPipeline.uexp" 252
"../../../Engine/Plugins/Interchange/Runtime/Content/Pipelines/DefaultMaterialPipeline.uasset" 253
"../../../Engine/Plugins/Interchange/Runtime/Content/Pipelines/DefaultMaterialPipeline.uexp" 254
"../../../Engine/Plugins/Interchange/Runtime/Content/Pipelines/DefaultAssetsPipeline.uasset" 255
"../../../Engine/Plugins/Interchange/Runtime/Content/Pipelines/DefaultAssetsPipeline.uexp" 256
"../../../Engine/Plugins/Editor/SpeedTreeImporter/Content/SpeedTree9/game_wind_noise.ubulk" 257
"../../../Engine/Plugins/Editor/SpeedTreeImporter/Content/SpeedTree9/game_wind_noise.uasset" 258
"../../../Engine/Plugins/Editor/SpeedTreeImporter/Content/SpeedTree9/game_wind_noise.uexp" 259
"../../../Engine/Plugins/Editor/SpeedTreeImporter/Content/SpeedTree9/UnpackDirection.uasset" 260
"../../../Engine/Plugins/Editor/SpeedTreeImporter/Content/SpeedTree9/UnpackDirection.uexp" 261
"../../../Engine/Content/Functions/Engine_MaterialFunctions02/ObjectLocalBounds.uasset" 262
"../../../Engine/Content/Functions/Engine_MaterialFunctions02/ObjectLocalBounds.uexp" 263
"../../../Engine/Content/Functions/Engine_MaterialFunctions02/Utility/BreakOutFloat3Components.uasset" 264
"../../../Engine/Content/Functions/Engine_MaterialFunctions02/Utility/BreakOutFloat3Components.uexp" 265
"../../../Engine/Content/Functions/Engine_MaterialFunctions02/UVs/BoundingBoxBased_0-1_UVW.uasset" 266
"../../../Engine/Content/Functions/Engine_MaterialFunctions02/UVs/BoundingBoxBased_0-1_UVW.uexp" 267
"../../../Engine/Content/Functions/Engine_MaterialFunctions02/Utility/VectorLength.uasset" 268
"../../../Engine/Content/Functions/Engine_MaterialFunctions02/Utility/VectorLength.uexp" 269
"../../../Engine/Plugins/Editor/SpeedTreeImporter/Content/SpeedTree9/UnpackInteger3.uasset" 270
"../../../Engine/Plugins/Editor/SpeedTreeImporter/Content/SpeedTree9/UnpackInteger3.uexp" 271
"../../../Engine/Plugins/Editor/SpeedTreeImporter/Content/SpeedTree9/SpeedTreeCameraFacing.uasset" 272
"../../../Engine/Plugins/Editor/SpeedTreeImporter/Content/SpeedTree9/SpeedTreeCameraFacing.uexp" 273
"../../../Engine/Content/Functions/Engine_MaterialFunctions02/WorldPositionOffset/ObjectScale.uasset" 274
"../../../Engine/Content/Functions/Engine_MaterialFunctions02/WorldPositionOffset/ObjectScale.uexp" 275
"../../../Engine/Content/Functions/Engine_MaterialFunctions02/SafeNormalize.uasset" 276
"../../../Engine/Content/Functions/Engine_MaterialFunctions02/SafeNormalize.uexp" 277
"../../../Engine/Plugins/Editor/SpeedTreeImporter/Content/SpeedTree9/SpeedTreeWindMotion.uasset" 278
"../../../Engine/Plugins/Editor/SpeedTreeImporter/Content/SpeedTree9/SpeedTreeWindMotion.uexp" 279
"../../../Engine/Plugins/Editor/SpeedTreeImporter/Content/SpeedTree9/SpeedTreeBranchMotion.uasset" 280
"../../../Engine/Plugins/Editor/SpeedTreeImporter/Content/SpeedTree9/SpeedTreeBranchMotion.uexp" 281
"../../../Engine/Plugins/Editor/SpeedTreeImporter/Content/SpeedTree9/SpeedTreeWind.uasset" 282
"../../../Engine/Plugins/Editor/SpeedTreeImporter/Content/SpeedTree9/SpeedTreeWind.uexp" 283
"../../../Engine/Plugins/Editor/SpeedTreeImporter/Content/SpeedTree9/EmptyNormal.uasset" 284
"../../../Engine/Plugins/Editor/SpeedTreeImporter/Content/SpeedTree9/EmptyNormal.uexp" 285
"../../../Engine/Plugins/Editor/SpeedTreeImporter/Content/SpeedTree9/Empty.uasset" 286
"../../../Engine/Plugins/Editor/SpeedTreeImporter/Content/SpeedTree9/Empty.uexp" 287
"../../../Engine/Plugins/Editor/SpeedTreeImporter/Content/SpeedTree9/SpeedTreeMaster.uasset" 288
"../../../Engine/Plugins/Editor/SpeedTreeImporter/Content/SpeedTree9/SpeedTreeMaster.uexp" 289
"../../../Engine/Plugins/Editor/SpeedTreeImporter/Content/SpeedTree9/SpeedTreeBillboard.uasset" 290
"../../../Engine/Plugins/Editor/SpeedTreeImporter/Content/SpeedTree9/SpeedTreeBillboard.uexp" 291
"../../../Engine/Plugins/Editor/SpeedTreeImporter/Content/SpeedTree9/SpeedTreeBillboardMaster.uasset" 292
"../../../Engine/Plugins/Editor/SpeedTreeImporter/Content/SpeedTree9/SpeedTreeBillboardMaster.uexp" 293
"../../../Engine/Plugins/Animation/ControlRig/Content/Controls/ControlRig_Pyramid_3mm.ubulk" 294
"../../../Engine/Plugins/Animation/ControlRig/Content/Controls/ControlRig_Pyramid_3mm.uasset" 295
"../../../Engine/Plugins/Animation/ControlRig/Content/Controls/ControlRig_Pyramid_3mm.uexp" 296
"../../../Engine/Plugins/Animation/ControlRig/Content/Controls/ControlRig_Pyramid_1mm.ubulk" 297
"../../../Engine/Plugins/Animation/ControlRig/Content/Controls/ControlRig_Pyramid_1mm.uasset" 298
"../../../Engine/Plugins/Animation/ControlRig/Content/Controls/ControlRig_Pyramid_1mm.uexp" 299
"../../../Engine/Plugins/Animation/ControlRig/Content/Controls/ControlRig_Octagon_solid.ubulk" 300
"../../../Engine/Plugins/Animation/ControlRig/Content/Controls/ControlRig_Octagon_solid.uasset" 301
"../../../Engine/Plugins/Animation/ControlRig/Content/Controls/ControlRig_Octagon_solid.uexp" 302
"../../../Engine/Plugins/Animation/ControlRig/Content/Controls/ControlRig_Octagon_3mm.ubulk" 303
"../../../Engine/Plugins/Animation/ControlRig/Content/Controls/ControlRig_Octagon_3mm.uasset" 304
"../../../Engine/Plugins/Animation/ControlRig/Content/Controls/ControlRig_Octagon_3mm.uexp" 305
"../../../Engine/Plugins/Animation/ControlRig/Content/Controls/ControlRig_Octagon_1mm.ubulk" 306
"../../../Engine/Plugins/Animation/ControlRig/Content/Controls/ControlRig_Octagon_1mm.uasset" 307
"../../../Engine/Plugins/Animation/ControlRig/Content/Controls/ControlRig_Octagon_1mm.uexp" 308
"../../../Engine/Plugins/Animation/ControlRig/Content/Controls/ControlRig_Hexagon_solid.ubulk" 309
"../../../Engine/Plugins/Animation/ControlRig/Content/Controls/ControlRig_Hexagon_solid.uasset" 310
"../../../Engine/Plugins/Animation/ControlRig/Content/Controls/ControlRig_Hexagon_solid.uexp" 311
"../../../Engine/Plugins/Animation/ControlRig/Content/Controls/ControlRig_Hexagon_3mm.ubulk" 312
"../../../Engine/Plugins/Animation/ControlRig/Content/Controls/ControlRig_Hexagon_3mm.uasset" 313
"../../../Engine/Plugins/Animation/ControlRig/Content/Controls/ControlRig_Hexagon_3mm.uexp" 314
"../../../Engine/Plugins/Animation/ControlRig/Content/Controls/ControlRig_Hexagon_1mm.ubulk" 315
"../../../Engine/Plugins/Animation/ControlRig/Content/Controls/ControlRig_Hexagon_1mm.uasset" 316
"../../../Engine/Plugins/Animation/ControlRig/Content/Controls/ControlRig_Hexagon_1mm.uexp" 317
"../../../Engine/Plugins/Animation/ControlRig/Content/Controls/ControlRig_HalfCircle_solid.ubulk" 318
"../../../Engine/Plugins/Animation/ControlRig/Content/Controls/ControlRig_HalfCircle_solid.uasset" 319
"../../../Engine/Plugins/Animation/ControlRig/Content/Controls/ControlRig_HalfCircle_solid.uexp" 320
"../../../Engine/Plugins/Animation/ControlRig/Content/Controls/ControlRig_HalfCircle_3mm.ubulk" 321
"../../../Engine/Plugins/Animation/ControlRig/Content/Controls/ControlRig_HalfCircle_3mm.uasset" 322
"../../../Engine/Plugins/Animation/ControlRig/Content/Controls/ControlRig_HalfCircle_3mm.uexp" 323
"../../../Engine/Plugins/Animation/ControlRig/Content/Controls/ControlRig_HalfCircle_1mm.ubulk" 324
"../../../Engine/Plugins/Animation/ControlRig/Content/Controls/ControlRig_HalfCircle_1mm.uasset" 325
"../../../Engine/Plugins/Animation/ControlRig/Content/Controls/ControlRig_HalfCircle_1mm.uexp" 326
"../../../Engine/Plugins/Animation/ControlRig/Content/Controls/ControlRig_Diamond_solid.ubulk" 327
"../../../Engine/Plugins/Animation/ControlRig/Content/Controls/ControlRig_Diamond_solid.uasset" 328
"../../../Engine/Plugins/Animation/ControlRig/Content/Controls/ControlRig_Diamond_solid.uexp" 329
"../../../Engine/Plugins/Animation/ControlRig/Content/Controls/ControlRig_Diamond_3mm.ubulk" 330
"../../../Engine/Plugins/Animation/ControlRig/Content/Controls/ControlRig_Diamond_3mm.uasset" 331
"../../../Engine/Plugins/Animation/ControlRig/Content/Controls/ControlRig_Diamond_3mm.uexp" 332
"../../../Engine/Plugins/Animation/ControlRig/Content/Controls/ControlRig_Diamond_1mm.ubulk" 333
"../../../Engine/Plugins/Animation/ControlRig/Content/Controls/ControlRig_Diamond_1mm.uasset" 334
"../../../Engine/Plugins/Animation/ControlRig/Content/Controls/ControlRig_Diamond_1mm.uexp" 335
"../../../Engine/Plugins/Animation/ControlRig/Content/Controls/ControlRig_Circle_solid.ubulk" 336
"../../../Engine/Plugins/Animation/ControlRig/Content/Controls/ControlRig_Circle_solid.uasset" 337
"../../../Engine/Plugins/Animation/ControlRig/Content/Controls/ControlRig_Circle_solid.uexp" 338
"../../../Engine/Plugins/Animation/ControlRig/Content/Controls/ControlRig_Circle_3mm.ubulk" 339
"../../../Engine/Plugins/Animation/ControlRig/Content/Controls/ControlRig_Circle_3mm.uasset" 340
"../../../Engine/Plugins/Animation/ControlRig/Content/Controls/ControlRig_Circle_3mm.uexp" 341
"../../../Engine/Plugins/Animation/ControlRig/Content/Controls/ControlRig_Circle_1mm.ubulk" 342
"../../../Engine/Plugins/Animation/ControlRig/Content/Controls/ControlRig_Circle_1mm.uasset" 343
"../../../Engine/Plugins/Animation/ControlRig/Content/Controls/ControlRig_Circle_1mm.uexp" 344
"../../../Engine/Plugins/Animation/ControlRig/Content/Controls/ControlRig_Box_solid.ubulk" 345
"../../../Engine/Plugins/Animation/ControlRig/Content/Controls/ControlRig_Box_solid.uasset" 346
"../../../Engine/Plugins/Animation/ControlRig/Content/Controls/ControlRig_Box_solid.uexp" 347
"../../../Engine/Plugins/Animation/ControlRig/Content/Controls/ControlRig_Box_3mm.ubulk" 348
"../../../Engine/Plugins/Animation/ControlRig/Content/Controls/ControlRig_Box_3mm.uasset" 349
"../../../Engine/Plugins/Animation/ControlRig/Content/Controls/ControlRig_Box_3mm.uexp" 350
"../../../Engine/Plugins/Animation/ControlRig/Content/Controls/ControlRig_Box_1mm.ubulk" 351
"../../../Engine/Plugins/Animation/ControlRig/Content/Controls/ControlRig_Box_1mm.uasset" 352
"../../../Engine/Plugins/Animation/ControlRig/Content/Controls/ControlRig_Box_1mm.uexp" 353
"../../../Engine/Plugins/Animation/ControlRig/Content/Controls/ControlRig_Arrow_solid.ubulk" 354
"../../../Engine/Plugins/Animation/ControlRig/Content/Controls/ControlRig_Arrow_solid.uasset" 355
"../../../Engine/Plugins/Animation/ControlRig/Content/Controls/ControlRig_Arrow_solid.uexp" 356
"../../../Engine/Plugins/Animation/ControlRig/Content/Controls/ControlRig_Arrow_3mm.ubulk" 357
"../../../Engine/Plugins/Animation/ControlRig/Content/Controls/ControlRig_Arrow_3mm.uasset" 358
"../../../Engine/Plugins/Animation/ControlRig/Content/Controls/ControlRig_Arrow_3mm.uexp" 359
"../../../Engine/Plugins/Animation/ControlRig/Content/Controls/ControlRig_Arrow_1mm.ubulk" 360
"../../../Engine/Plugins/Animation/ControlRig/Content/Controls/ControlRig_Arrow_1mm.uasset" 361
"../../../Engine/Plugins/Animation/ControlRig/Content/Controls/ControlRig_Arrow_1mm.uexp" 362
"../../../Engine/Plugins/Animation/ControlRig/Content/Controls/ControlRig_Arrow4_solid.ubulk" 363
"../../../Engine/Plugins/Animation/ControlRig/Content/Controls/ControlRig_Arrow4_solid.uasset" 364
"../../../Engine/Plugins/Animation/ControlRig/Content/Controls/ControlRig_Arrow4_solid.uexp" 365
"../../../Engine/Plugins/Animation/ControlRig/Content/Controls/ControlRig_Arrow4_3mm.ubulk" 366
"../../../Engine/Plugins/Animation/ControlRig/Content/Controls/ControlRig_Arrow4_3mm.uasset" 367
"../../../Engine/Plugins/Animation/ControlRig/Content/Controls/ControlRig_Arrow4_3mm.uexp" 368
"../../../Engine/Plugins/Animation/ControlRig/Content/Controls/ControlRig_Arrow4_1mm.ubulk" 369
"../../../Engine/Plugins/Animation/ControlRig/Content/Controls/ControlRig_Arrow4_1mm.uasset" 370
"../../../Engine/Plugins/Animation/ControlRig/Content/Controls/ControlRig_Arrow4_1mm.uexp" 371
"../../../Engine/Plugins/Animation/ControlRig/Content/Controls/ControlRig_Arrow2_solid.ubulk" 372
"../../../Engine/Plugins/Animation/ControlRig/Content/Controls/ControlRig_Arrow2_solid.uasset" 373
"../../../Engine/Plugins/Animation/ControlRig/Content/Controls/ControlRig_Arrow2_solid.uexp" 374
"../../../Engine/Plugins/Animation/ControlRig/Content/Controls/ControlRig_Arrow2_3mm.ubulk" 375
"../../../Engine/Plugins/Animation/ControlRig/Content/Controls/ControlRig_Arrow2_3mm.uasset" 376
"../../../Engine/Plugins/Animation/ControlRig/Content/Controls/ControlRig_Arrow2_3mm.uexp" 377
"../../../Engine/Plugins/Animation/ControlRig/Content/Controls/ControlRig_Arrow2_1mm.ubulk" 378
"../../../Engine/Plugins/Animation/ControlRig/Content/Controls/ControlRig_Arrow2_1mm.uasset" 379
"../../../Engine/Plugins/Animation/ControlRig/Content/Controls/ControlRig_Arrow2_1mm.uexp" 380
"../../../Engine/Plugins/Animation/ControlRig/Content/Controls/ControlRigXRayMaterial.uasset" 381
"../../../Engine/Plugins/Animation/ControlRig/Content/Controls/ControlRigXRayMaterial.uexp" 382
"../../../Engine/Plugins/Animation/ControlRig/Content/Controls/ControlRigGizmoMaterial.uasset" 383
"../../../Engine/Plugins/Animation/ControlRig/Content/Controls/ControlRigGizmoMaterial.uexp" 384
"../../../Engine/Content/EngineSounds/Master.uasset" 385
"../../../Engine/Content/EngineSounds/Master.uexp" 386
"../../../Engine/Content/EngineMaterials/STBlueNoise_vec2_128x128x64.uasset" 387
"../../../Engine/Content/EngineMaterials/STBlueNoise_vec2_128x128x64.uexp" 388
"../../../Engine/Content/EngineMaterials/STBlueNoise_scalar_128x128x64.uasset" 389
"../../../Engine/Content/EngineMaterials/STBlueNoise_scalar_128x128x64.uexp" 390
"../../../Engine/Content/EngineMaterials/RemoveSurfaceMaterial.uasset" 391
"../../../Engine/Content/EngineMaterials/RemoveSurfaceMaterial.uexp" 392
"../../../Engine/Content/EngineMaterials/DefaultCalibrationGrayscale.uasset" 393
"../../../Engine/Content/EngineMaterials/DefaultCalibrationGrayscale.uexp" 394
"../../../Engine/Content/EngineMaterials/PPM_DefaultCalibrationGrayscale.uasset" 395
"../../../Engine/Content/EngineMaterials/PPM_DefaultCalibrationGrayscale.uexp" 396
"../../../Engine/Content/EngineMaterials/DefaultCalibrationColor.uasset" 397
"../../../Engine/Content/EngineMaterials/DefaultCalibrationColor.uexp" 398
"../../../Engine/Content/EngineMaterials/PPM_DefaultCalibrationColor.uasset" 399
"../../../Engine/Content/EngineMaterials/PPM_DefaultCalibrationColor.uexp" 400
"../../../Engine/Content/EngineMaterials/PhAT_JointLimitMaterial.uasset" 401
"../../../Engine/Content/EngineMaterials/PhAT_JointLimitMaterial.uexp" 402
"../../../Engine/Content/EngineMaterials/NaniteHiddenSectionMaterial.uasset" 403
"../../../Engine/Content/EngineMaterials/NaniteHiddenSectionMaterial.uexp" 404
"../../../Engine/Content/EngineMaterials/InvalidLightmapSettings.ubulk" 405
"../../../Engine/Content/EngineMaterials/InvalidLightmapSettings.uasset" 406
"../../../Engine/Content/EngineMaterials/InvalidLightmapSettings.uexp" 407
"../../../Engine/Content/EngineMaterials/M_InvalidLightmapSettings.uasset" 408
"../../../Engine/Content/EngineMaterials/M_InvalidLightmapSettings.uexp" 409
"../../../Engine/Content/EngineMaterials/GizmoMaterial.uasset" 410
"../../../Engine/Content/EngineMaterials/GizmoMaterial.uexp" 411
"../../../Engine/Content/EngineMaterials/BaseFlattenEmissiveMap_VT.uasset" 412
"../../../Engine/Content/EngineMaterials/BaseFlattenEmissiveMap_VT.uexp" 413
"../../../Engine/Content/EngineMaterials/BaseFlattenGrayscaleMap_VT.uasset" 414
"../../../Engine/Content/EngineMaterials/BaseFlattenGrayscaleMap_VT.uexp" 415
"../../../Engine/Content/EngineMaterials/BaseFlattenLinearColor_VT.uasset" 416
"../../../Engine/Content/EngineMaterials/BaseFlattenLinearColor_VT.uexp" 417
"../../../Engine/Content/EngineMaterials/Black_1x1_EXR_Texture_VT.uasset" 418
"../../../Engine/Content/EngineMaterials/Black_1x1_EXR_Texture_VT.uexp" 419
"../../../Engine/Content/EngineMaterials/BaseFlattenDiffuseMap_VT.uasset" 420
"../../../Engine/Content/EngineMaterials/BaseFlattenDiffuseMap_VT.uexp" 421
"../../../Engine/Content/EngineMaterials/BaseFlattenNormalMap_VT.uasset" 422
"../../../Engine/Content/EngineMaterials/BaseFlattenNormalMap_VT.uexp" 423
"../../../Engine/Content/EngineMaterials/FlattenMaterial_WS_Normal_VT.uasset" 424
"../../../Engine/Content/EngineMaterials/FlattenMaterial_WS_Normal_VT.uexp" 425
"../../../Engine/Content/EngineMaterials/FlattenMaterial_VT.uasset" 426
"../../../Engine/Content/EngineMaterials/FlattenMaterial_VT.uexp" 427
"../../../Engine/Content/EngineMaterials/BaseFlattenNormalMap.uasset" 428
"../../../Engine/Content/EngineMaterials/BaseFlattenNormalMap.uexp" 429
"../../../Engine/Content/EngineMaterials/BaseFlattenGrayscaleMap.uasset" 430
"../../../Engine/Content/EngineMaterials/BaseFlattenGrayscaleMap.uexp" 431
"../../../Engine/Content/EngineMaterials/BaseFlattenDiffuseMap.uasset" 432
"../../../Engine/Content/EngineMaterials/BaseFlattenDiffuseMap.uexp" 433
"../../../Engine/Content/Functions/Engine_MaterialFunctions02/PivotPainter2/Black_1x1_EXR_Texture.uasset" 434
"../../../Engine/Content/Functions/Engine_MaterialFunctions02/PivotPainter2/Black_1x1_EXR_Texture.uexp" 435
"../../../Engine/Content/EngineMaterials/BaseFlattenEmissiveMap.uasset" 436
"../../../Engine/Content/EngineMaterials/BaseFlattenEmissiveMap.uexp" 437
"../../../Engine/Content/EngineMaterials/BaseFlattenLinearColor.uasset" 438
"../../../Engine/Content/EngineMaterials/BaseFlattenLinearColor.uexp" 439
"../../../Engine/Content/EngineMaterials/FlattenMaterial.uasset" 440
"../../../Engine/Content/EngineMaterials/FlattenMaterial.uexp" 441
"../../../Engine/Content/EngineMaterials/DefaultWhiteGrid_Low.uasset" 442
"../../../Engine/Content/EngineMaterials/DefaultWhiteGrid_Low.uexp" 443
"../../../Engine/Content/EngineMaterials/EmissiveMeshMaterial.uasset" 444
"../../../Engine/Content/EngineMaterials/EmissiveMeshMaterial.uexp" 445
"../../../Engine/Content/EngineFonts/RobotoDistanceField.uasset" 446
"../../../Engine/Content/EngineFonts/RobotoDistanceField.uexp" 447
"../../../Engine/Content/EngineMaterials/DefaultTextMaterialOpaque.uasset" 448
"../../../Engine/Content/EngineMaterials/DefaultTextMaterialOpaque.uexp" 449
"../../../Engine/Content/EngineMaterials/DefaultDiffuse.ubulk" 450
"../../../Engine/Content/EngineMaterials/DefaultDiffuse.uasset" 451
"../../../Engine/Content/EngineMaterials/DefaultDiffuse.uexp" 452
"../../../Engine/Content/Functions/Engine_MaterialFunctions02/Utility/BreakOutFloat2Components.uasset" 453
"../../../Engine/Content/Functions/Engine_MaterialFunctions02/Utility/BreakOutFloat2Components.uexp" 454
"../../../Engine/Content/EngineMaterials/DefaultPostProcessMaterial.uasset" 455
"../../../Engine/Content/EngineMaterials/DefaultPostProcessMaterial.uexp" 456
"../../../Engine/Content/EngineMaterials/DefaultPhysicalMaterial.uasset" 457
"../../../Engine/Content/EngineMaterials/DefaultPhysicalMaterial.uexp" 458
"../../../Engine/Content/EngineMaterials/DefaultLightFunctionMaterial.uasset" 459
"../../../Engine/Content/EngineMaterials/DefaultLightFunctionMaterial.uexp" 460
"../../../Engine/Content/EngineMaterials/DefaultDestructiblePhysicalMaterial.uasset" 461
"../../../Engine/Content/EngineMaterials/DefaultDestructiblePhysicalMaterial.uexp" 462
"../../../Engine/Content/EngineMaterials/DefaultDeferredDecalMaterial.uasset" 463
"../../../Engine/Content/EngineMaterials/DefaultDeferredDecalMaterial.uexp" 464
"../../../Engine/Content/EngineMaterials/DefaultBloomKernel.uasset" 465
"../../../Engine/Content/EngineMaterials/DefaultBloomKernel.uexp" 466
"../../../Engine/Content/EngineFonts/Faces/RobotoLight.uexp" 467
"../../../Engine/Content/EngineFonts/Faces/RobotoLight.uasset" 468
"../../../Engine/Content/EngineFonts/Faces/RobotoLight.ufont" 469
"../../../Engine/Content/EngineFonts/Faces/RobotoBold.uexp" 470
"../../../Engine/Content/EngineFonts/Faces/RobotoBold.uasset" 471
"../../../Engine/Content/EngineFonts/Faces/RobotoBold.ufont" 472
"../../../Engine/Content/EngineFonts/Faces/RobotoRegular.uexp" 473
"../../../Engine/Content/EngineFonts/Faces/RobotoRegular.uasset" 474
"../../../Engine/Content/EngineFonts/Faces/RobotoRegular.ufont" 475
"../../../Engine/Content/EngineFonts/Faces/DroidSansFallback.uexp" 476
"../../../Engine/Content/EngineFonts/Faces/DroidSansFallback.uasset" 477
"../../../Engine/Content/EngineFonts/Faces/DroidSansFallback.ufont" 478
"../../../Engine/Content/EngineFonts/Faces/RobotoItalic.uexp" 479
"../../../Engine/Content/EngineFonts/Faces/RobotoItalic.uasset" 480
"../../../Engine/Content/EngineFonts/Faces/RobotoItalic.ufont" 481
"../../../Engine/Content/EngineFonts/Faces/RobotoBoldItalic.uexp" 482
"../../../Engine/Content/EngineFonts/Faces/RobotoBoldItalic.uasset" 483
"../../../Engine/Content/EngineFonts/Faces/RobotoBoldItalic.ufont" 484
"../../../Engine/Content/EngineFonts/Roboto.uasset" 485
"../../../Engine/Content/EngineFonts/Roboto.uexp" 486
"../../../Engine/Content/EngineDebugMaterials/DebugMeshMaterial.uasset" 487
"../../../Engine/Content/EngineDebugMaterials/DebugMeshMaterial.uexp" 488
"../../../Engine/Content/EngineDebugMaterials/DebugEditorMaterial.uasset" 489
"../../../Engine/Content/EngineDebugMaterials/DebugEditorMaterial.uexp" 490
"../../../Engine/Content/EngineDamageTypes/DmgTypeBP_Environmental.uasset" 491
"../../../Engine/Content/EngineDamageTypes/DmgTypeBP_Environmental.uexp" 492
"../../../Engine/Content/EditorResources/S_Terrain.ubulk" 493
"../../../Engine/Content/EditorResources/S_Terrain.uasset" 494
"../../../Engine/Content/EditorResources/S_Terrain.uexp" 495
"../../../Engine/Content/EditorResources/EmptyActor.uasset" 496
"../../../Engine/Content/EditorResources/EmptyActor.uexp" 497
"../../../Engine/Content/EditorResources/BSPVertex.uasset" 498
"../../../Engine/Content/EditorResources/BSPVertex.uexp" 499
"../../../Engine/Content/EditorLandscapeResources/DefaultAlphaTexture.uasset" 500
"../../../Engine/Content/EditorLandscapeResources/DefaultAlphaTexture.uexp" 501
"../../../Engine/Content/EditorLandscapeResources/DataLayer.uasset" 502
"../../../Engine/Content/EditorLandscapeResources/DataLayer.uexp" 503
"../../../Engine/Content/BasicShapes/Plane.ubulk" 504
"../../../Engine/Content/BasicShapes/Plane.uasset" 505
"../../../Engine/Content/BasicShapes/Plane.uexp" 506
"../../../Engine/Content/EngineMaterials/DefaultMaterial.uasset" 507
"../../../Engine/Content/EngineMaterials/DefaultMaterial.uexp" 508
"../../../Engine/Content/BasicShapes/Cylinder.ubulk" 509
"../../../Engine/Content/BasicShapes/Cylinder.uasset" 510
"../../../Engine/Content/BasicShapes/Cylinder.uexp" 511
"../../../Engine/Content/BasicShapes/Cube.ubulk" 512
"../../../Engine/Content/BasicShapes/Cube.uasset" 513
"../../../Engine/Content/BasicShapes/Cube.uexp" 514
"../../../Engine/Content/BasicShapes/Cone.ubulk" 515
"../../../Engine/Content/BasicShapes/Cone.uasset" 516
"../../../Engine/Content/BasicShapes/Cone.uexp" 517
"../../../Engine/Content/Animation/DefaultRecorderBoneCompression.uasset" 518
"../../../Engine/Content/Animation/DefaultRecorderBoneCompression.uexp" 519
"../../../Engine/Content/MobileResources/HUD/VirtualJoystick_Background.uasset" 520
"../../../Engine/Content/MobileResources/HUD/VirtualJoystick_Background.uexp" 521
"../../../Engine/Content/MobileResources/HUD/VirtualJoystick_Thumb.uasset" 522
"../../../Engine/Content/MobileResources/HUD/VirtualJoystick_Thumb.uexp" 523
"../../../Engine/Content/MobileResources/HUD/DefaultVirtualJoysticks.uasset" 524
"../../../Engine/Content/MobileResources/HUD/DefaultVirtualJoysticks.uexp" 525
"../../../Engine/Content/EngineSky/VolumetricClouds/CloudWeatherTexture.uasset" 526
"../../../Engine/Content/EngineSky/VolumetricClouds/CloudWeatherTexture.uexp" 527
"../../../Engine/Content/Functions/Engine_MaterialFunctions02/Utility/MakeFloat2.uasset" 528
"../../../Engine/Content/Functions/Engine_MaterialFunctions02/Utility/MakeFloat2.uexp" 529
"../../../Engine/Content/EngineSky/VolumetricClouds/CloudGradientTexture.uasset" 530
"../../../Engine/Content/EngineSky/VolumetricClouds/CloudGradientTexture.uexp" 531
"../../../Engine/Content/EngineSky/VolumetricClouds/T_NoiseShape64.ubulk" 532
"../../../Engine/Content/EngineSky/VolumetricClouds/T_NoiseShape64.uasset" 533
"../../../Engine/Content/EngineSky/VolumetricClouds/T_NoiseShape64.uexp" 534
"../../../Engine/Content/EngineSky/VolumetricClouds/T_VolumeNoiseShape64.uasset" 535
"../../../Engine/Content/EngineSky/VolumetricClouds/T_VolumeNoiseShape64.uexp" 536
"../../../Engine/Content/EngineSky/VolumetricClouds/T_NoiseErosion.ubulk" 537
"../../../Engine/Content/EngineSky/VolumetricClouds/T_NoiseErosion.uasset" 538
"../../../Engine/Content/EngineSky/VolumetricClouds/T_NoiseErosion.uexp" 539
"../../../Engine/Content/EngineSky/VolumetricClouds/T_VolumeNoiseErosion32.uasset" 540
"../../../Engine/Content/EngineSky/VolumetricClouds/T_VolumeNoiseErosion32.uexp" 541
"../../../Engine/Content/EngineSky/VolumetricClouds/m_SimpleVolumetricCloud.uasset" 542
"../../../Engine/Content/EngineSky/VolumetricClouds/m_SimpleVolumetricCloud.uexp" 543
"../../../Engine/Content/EngineSky/VolumetricClouds/m_SimpleVolumetricCloud_Inst.uasset" 544
"../../../Engine/Content/EngineSky/VolumetricClouds/m_SimpleVolumetricCloud_Inst.uexp" 545
"../../../Engine/Content/EngineResources/FilmGrains/Marcie_Grain_v3_128_M2_000.uasset" 546
"../../../Engine/Content/EngineResources/FilmGrains/Marcie_Grain_v3_128_M2_000.uexp" 547
"../../../Engine/Content/EditorResources/SequenceRecorder/RecordingIndicator.uasset" 548
"../../../Engine/Content/EditorResources/SequenceRecorder/RecordingIndicator.uexp" 549
"../../../Engine/Content/EditorResources/SequenceRecorder/Countdown.uasset" 550
"../../../Engine/Content/EditorResources/SequenceRecorder/Countdown.uexp" 551
"../../../Engine/Content/EditorResources/AudioIcons/S_AudioComponent_AutoActivate.uasset" 552
"../../../Engine/Content/EditorResources/AudioIcons/S_AudioComponent_AutoActivate.uexp" 553
"../../../Engine/Content/Functions/Engine_MaterialFunctions01/Shading/PowerToRoughness.uasset" 554
"../../../Engine/Content/Functions/Engine_MaterialFunctions01/Shading/PowerToRoughness.uexp" 555
"../../../Engine/Content/Maps/Entry_BuiltData.uasset" 556
"../../../Engine/Content/Maps/Entry_BuiltData.uexp" 557
"../../../Engine/Content/Maps/Entry.uexp" 558
"../../../Engine/Content/Maps/Entry.umap" 559
"../../../Engine/Content/BasicShapes/Sphere.ubulk" 560
"../../../Engine/Content/BasicShapes/Sphere.uasset" 561
"../../../Engine/Content/BasicShapes/Sphere.uexp" 562
"../../../Engine/Content/EngineDebugMaterials/VertexColorViewMode_BlueOnly.uasset" 563
"../../../Engine/Content/EngineDebugMaterials/VertexColorViewMode_BlueOnly.uexp" 564
"E:/DVJam2023/Content/Objetos/Est_Objeto.uasset" 565
"E:/DVJam2023/Content/Objetos/Est_Objeto.uexp" 566
"../../../Engine/Content/VREditor/BasicMeshes/T_CleanFloorGrunge_01_D.ubulk" 567
"../../../Engine/Content/VREditor/BasicMeshes/T_CleanFloorGrunge_01_D.uasset" 568
"../../../Engine/Content/VREditor/BasicMeshes/T_CleanFloorGrunge_01_D.uexp" 569
"../../../Engine/Content/VREditor/BasicMeshes/M_Floor_01.uasset" 570
"../../../Engine/Content/VREditor/BasicMeshes/M_Floor_01.uexp" 571
"../../../Engine/Content/VREditor/BasicMeshes/MI_Cube_03.uasset" 572
"../../../Engine/Content/VREditor/BasicMeshes/MI_Cube_03.uexp" 573
"E:/DVJam2023/Content/Objetos/Obj_Interface.uasset" 574
"E:/DVJam2023/Content/Objetos/Obj_Interface.uexp" 575
"../../../Engine/Content/EditorBlueprintResources/StandardMacros.uasset" 576
"../../../Engine/Content/EditorBlueprintResources/StandardMacros.uexp" 577
"E:/DVJam2023/Content/Objetos/Objeto_Base.uasset" 578
"E:/DVJam2023/Content/Objetos/Objeto_Base.uexp" 579
"E:/DVJam2023/Content/Objetos/Chatarra/Auto/auto_textura.ubulk" 580
"E:/DVJam2023/Content/Objetos/Chatarra/Auto/auto_textura.uasset" 581
"E:/DVJam2023/Content/Objetos/Chatarra/Auto/auto_textura.uexp" 582
"E:/DVJam2023/Content/Objetos/Chatarra/Auto/Material.uasset" 583
"E:/DVJam2023/Content/Objetos/Chatarra/Auto/Material.uexp" 584
"E:/DVJam2023/Content/Objetos/Chatarra/Auto/auto.ubulk" 585
"E:/DVJam2023/Content/Objetos/Chatarra/Auto/auto.uasset" 586
"E:/DVJam2023/Content/Objetos/Chatarra/Auto/auto.uexp" 587
"E:/DVJam2023/Content/Objetos/Metales.uasset" 588
"E:/DVJam2023/Content/Objetos/Metales.uexp" 589
"E:/DVJam2023/Content/Objetos/objAuto3.uasset" 590
"E:/DVJam2023/Content/Objetos/objAuto3.uexp" 591
"E:/DVJam2023/Content/Objetos/Escenario/monton_textura.ubulk" 592
"E:/DVJam2023/Content/Objetos/Escenario/monton_textura.uasset" 593
"E:/DVJam2023/Content/Objetos/Escenario/monton_textura.uexp" 594
"E:/DVJam2023/Content/Objetos/Escenario/Material.uasset" 595
"E:/DVJam2023/Content/Objetos/Escenario/Material.uexp" 596
"E:/DVJam2023/Content/Objetos/Escenario/monton1.ubulk" 597
"E:/DVJam2023/Content/Objetos/Escenario/monton1.uasset" 598
"E:/DVJam2023/Content/Objetos/Escenario/monton1.uexp" 599
"E:/DVJam2023/Content/Sonidos/click.ubulk" 600
"E:/DVJam2023/Content/Sonidos/click.uasset" 601
"E:/DVJam2023/Content/Sonidos/click.uexp" 602
"E:/DVJam2023/Content/Sonidos/zumbido1.ubulk" 603
"E:/DVJam2023/Content/Sonidos/zumbido1.uasset" 604
"E:/DVJam2023/Content/Sonidos/zumbido1.uexp" 605
"E:/DVJam2023/Content/Widgets/Interface/modal_azul.uasset" 606
"E:/DVJam2023/Content/Widgets/Interface/modal_azul.uexp" 607
"E:/DVJam2023/Content/Widgets/Interface/modal_rojo.uasset" 608
"E:/DVJam2023/Content/Widgets/Interface/modal_rojo.uexp" 609
"E:/DVJam2023/Content/Widgets/Interface/boton_cuadrado1_amarillo.uasset" 610
"E:/DVJam2023/Content/Widgets/Interface/boton_cuadrado1_amarillo.uexp" 611
"E:/DVJam2023/Content/Widgets/W_fin.uasset" 612
"E:/DVJam2023/Content/Widgets/W_fin.uexp" 613
"E:/DVJam2023/Content/Widgets/Interface/boton1_verde.uasset" 614
"E:/DVJam2023/Content/Widgets/Interface/boton1_verde.uexp" 615
"E:/DVJam2023/Content/Widgets/W_fin_lvl.uasset" 616
"E:/DVJam2023/Content/Widgets/W_fin_lvl.uexp" 617
"E:/DVJam2023/Content/Objetos/objAuto.uasset" 618
"E:/DVJam2023/Content/Objetos/objAuto.uexp" 619
"E:/DVJam2023/Content/Config/Gi_Jam.uasset" 620
"E:/DVJam2023/Content/Config/Gi_Jam.uexp" 621
"../../../Engine/Content/ArtTools/RenderToTexture/Materials/Debug/M_Graph_Inputs.uasset" 622
"../../../Engine/Content/ArtTools/RenderToTexture/Materials/Debug/M_Graph_Inputs.uexp" 623
"E:/DVJam2023/Content/Objetos/Chatarra/Tacho/tacho_texture.ubulk" 624
"E:/DVJam2023/Content/Objetos/Chatarra/Tacho/tacho_texture.uasset" 625
"E:/DVJam2023/Content/Objetos/Chatarra/Tacho/tacho_texture.uexp" 626
"E:/DVJam2023/Content/Objetos/Chatarra/Tacho/Material.uasset" 627
"E:/DVJam2023/Content/Objetos/Chatarra/Tacho/Material.uexp" 628
"E:/DVJam2023/Content/Objetos/Plasticos.uasset" 629
"E:/DVJam2023/Content/Objetos/Plasticos.uexp" 630
"E:/DVJam2023/Content/Objetos/Chatarra/Tacho/tacho.ubulk" 631
"E:/DVJam2023/Content/Objetos/Chatarra/Tacho/tacho.uasset" 632
"E:/DVJam2023/Content/Objetos/Chatarra/Tacho/tacho.uexp" 633
"E:/DVJam2023/Content/Objetos/ObjBarril3.uasset" 634
"E:/DVJam2023/Content/Objetos/ObjBarril3.uexp" 635
"E:/DVJam2023/Content/Objetos/Vidrios.uasset" 636
"E:/DVJam2023/Content/Objetos/Vidrios.uexp" 637
"E:/DVJam2023/Content/Widgets/Interface/dialogo.uasset" 638
"E:/DVJam2023/Content/Widgets/Interface/dialogo.uexp" 639
"E:/DVJam2023/Content/Maps/lvl.uasset" 640
"E:/DVJam2023/Content/Maps/lvl.uexp" 641
"E:/DVJam2023/Content/Widgets/W_HUD.uasset" 642
"E:/DVJam2023/Content/Widgets/W_HUD.uexp" 643
"E:/DVJam2023/Content/Widgets/Interface/silueta2.uasset" 644
"E:/DVJam2023/Content/Widgets/Interface/silueta2.uexp" 645
"E:/DVJam2023/Content/Widgets/W_Mision1.uasset" 646
"E:/DVJam2023/Content/Widgets/W_Mision1.uexp" 647
"E:/DVJam2023/Content/Objetos/Escenario/monton_textura_Mat.uasset" 648
"E:/DVJam2023/Content/Objetos/Escenario/monton_textura_Mat.uexp" 649
"E:/DVJam2023/Content/Objetos/ObjBarril.uasset" 650
"E:/DVJam2023/Content/Objetos/ObjBarril.uexp" 651
"../../../Engine/Content/EngineSky/T_Sky_Stars.ubulk" 652
"../../../Engine/Content/EngineSky/T_Sky_Stars.uasset" 653
"../../../Engine/Content/EngineSky/T_Sky_Stars.uexp" 654
"../../../Engine/Content/EngineSky/T_Sky_Clouds_M.ubulk" 655
"../../../Engine/Content/EngineSky/T_Sky_Clouds_M.uasset" 656
"../../../Engine/Content/EngineSky/T_Sky_Clouds_M.uexp" 657
"../../../Engine/Content/EngineSky/T_Sky_Blue.ubulk" 658
"../../../Engine/Content/EngineSky/T_Sky_Blue.uasset" 659
"../../../Engine/Content/EngineSky/T_Sky_Blue.uexp" 660
"../../../Engine/Content/EngineSky/M_Sky_Panning_Clouds2.uasset" 661
"../../../Engine/Content/EngineSky/M_Sky_Panning_Clouds2.uexp" 662
"../../../Engine/Content/EngineSky/SM_SkySphere.ubulk" 663
"../../../Engine/Content/EngineSky/SM_SkySphere.uasset" 664
"../../../Engine/Content/EngineSky/SM_SkySphere.uexp" 665
"E:/DVJam2023/Content/Objetos/Grua.uasset" 666
"E:/DVJam2023/Content/Objetos/Grua.uexp" 667
"E:/DVJam2023/Content/Maps/Nivel_Proto2_BuiltData.ubulk" 668
"E:/DVJam2023/Content/Maps/Nivel_Proto2_BuiltData.uasset" 669
"E:/DVJam2023/Content/Maps/Nivel_Proto2_BuiltData.uexp" 670
"E:/DVJam2023/Content/Objetos/Chatarra/Chapa2/chapa2_textura.ubulk" 671
"E:/DVJam2023/Content/Objetos/Chatarra/Chapa2/chapa2_textura.uasset" 672
"E:/DVJam2023/Content/Objetos/Chatarra/Chapa2/chapa2_textura.uexp" 673
"E:/DVJam2023/Content/Objetos/Chatarra/Chapa2/Material.uasset" 674
"E:/DVJam2023/Content/Objetos/Chatarra/Chapa2/Material.uexp" 675
"E:/DVJam2023/Content/Objetos/Chatarra/Chapas/chapa1_textura.ubulk" 676
"E:/DVJam2023/Content/Objetos/Chatarra/Chapas/chapa1_textura.uasset" 677
"E:/DVJam2023/Content/Objetos/Chatarra/Chapas/chapa1_textura.uexp" 678
"E:/DVJam2023/Content/Objetos/Chatarra/Chapas/Material.uasset" 679
"E:/DVJam2023/Content/Objetos/Chatarra/Chapas/Material.uexp" 680
"E:/DVJam2023/Content/Objetos/Chatarra/Chapas/chapa1.ubulk" 681
"E:/DVJam2023/Content/Objetos/Chatarra/Chapas/chapa1.uasset" 682
"E:/DVJam2023/Content/Objetos/Chatarra/Chapas/chapa1.uexp" 683
"E:/DVJam2023/Content/Objetos/Chapa_1.uasset" 684
"E:/DVJam2023/Content/Objetos/Chapa_1.uexp" 685
"E:/DVJam2023/Content/Objetos/Chatarra/Chapa2/chapa2.ubulk" 686
"E:/DVJam2023/Content/Objetos/Chatarra/Chapa2/chapa2.uasset" 687
"E:/DVJam2023/Content/Objetos/Chatarra/Chapa2/chapa2.uexp" 688
"E:/DVJam2023/Content/Objetos/Chapa_2.uasset" 689
"E:/DVJam2023/Content/Objetos/Chapa_2.uexp" 690
"E:/DVJam2023/Content/Objetos/Grua3/material_grua.ubulk" 691
"E:/DVJam2023/Content/Objetos/Grua3/material_grua.uasset" 692
"E:/DVJam2023/Content/Objetos/Grua3/material_grua.uexp" 693
"E:/DVJam2023/Content/Objetos/Grua3/Material.uasset" 694
"E:/DVJam2023/Content/Objetos/Grua3/Material.uexp" 695
"E:/DVJam2023/Content/Objetos/Grua3/grua_fixed.ubulk" 696
"E:/DVJam2023/Content/Objetos/Grua3/grua_fixed.uasset" 697
"E:/DVJam2023/Content/Objetos/Grua3/grua_fixed.uexp" 698
"E:/DVJam2023/Content/Sonidos/Musica.ubulk" 699
"E:/DVJam2023/Content/Sonidos/Musica.uasset" 700
"E:/DVJam2023/Content/Sonidos/Musica.uexp" 701
"E:/DVJam2023/Content/Objetos/objAuto2.uasset" 702
"E:/DVJam2023/Content/Objetos/objAuto2.uexp" 703
"../../../Engine/Content/MapTemplates/SM_Template_Map_Floor.ubulk" 704
"../../../Engine/Content/MapTemplates/SM_Template_Map_Floor.uasset" 705
"../../../Engine/Content/MapTemplates/SM_Template_Map_Floor.uexp" 706
"E:/DVJam2023/Content/Objetos/Escenario/Pared1_textura.ubulk" 707
"E:/DVJam2023/Content/Objetos/Escenario/Pared1_textura.uasset" 708
"E:/DVJam2023/Content/Objetos/Escenario/Pared1_textura.uexp" 709
"E:/DVJam2023/Content/Objetos/Escenario/Mataerial_pared1.uasset" 710
"E:/DVJam2023/Content/Objetos/Escenario/Mataerial_pared1.uexp" 711
"E:/DVJam2023/Content/Objetos/Escenario/pared1.ubulk" 712
"E:/DVJam2023/Content/Objetos/Escenario/pared1.uasset" 713
"E:/DVJam2023/Content/Objetos/Escenario/pared1.uexp" 714
"E:/DVJam2023/Content/Objetos/Chatarra/Lavarropas/lavarropas_textura.ubulk" 715
"E:/DVJam2023/Content/Objetos/Chatarra/Lavarropas/lavarropas_textura.uasset" 716
"E:/DVJam2023/Content/Objetos/Chatarra/Lavarropas/lavarropas_textura.uexp" 717
"E:/DVJam2023/Content/Objetos/Chatarra/Lavarropas/Material.uasset" 718
"E:/DVJam2023/Content/Objetos/Chatarra/Lavarropas/Material.uexp" 719
"E:/DVJam2023/Content/Objetos/Chatarra/Lavarropas/lavarropas.ubulk" 720
"E:/DVJam2023/Content/Objetos/Chatarra/Lavarropas/lavarropas.uasset" 721
"E:/DVJam2023/Content/Objetos/Chatarra/Lavarropas/lavarropas.uexp" 722
"E:/DVJam2023/Content/Objetos/Lavarropas.uasset" 723
"E:/DVJam2023/Content/Objetos/Lavarropas.uexp" 724
"E:/DVJam2023/Content/Objetos/Escenario/monton2.ubulk" 725
"E:/DVJam2023/Content/Objetos/Escenario/monton2.uasset" 726
"E:/DVJam2023/Content/Objetos/Escenario/monton2.uexp" 727
"E:/DVJam2023/Content/Objetos/ObjBarril2.uasset" 728
"E:/DVJam2023/Content/Objetos/ObjBarril2.uexp" 729
"E:/DVJam2023/Content/Objetos/Chatarra/Tele/tv_texture.ubulk" 730
"E:/DVJam2023/Content/Objetos/Chatarra/Tele/tv_texture.uasset" 731
"E:/DVJam2023/Content/Objetos/Chatarra/Tele/tv_texture.uexp" 732
"E:/DVJam2023/Content/Objetos/Chatarra/Tele/Material.uasset" 733
"E:/DVJam2023/Content/Objetos/Chatarra/Tele/Material.uexp" 734
"E:/DVJam2023/Content/Objetos/Chatarra/Tele/tele.ubulk" 735
"E:/DVJam2023/Content/Objetos/Chatarra/Tele/tele.uasset" 736
"E:/DVJam2023/Content/Objetos/Chatarra/Tele/tele.uexp" 737
"E:/DVJam2023/Content/Objetos/ObjTele.uasset" 738
"E:/DVJam2023/Content/Objetos/ObjTele.uexp" 739
"E:/DVJam2023/Content/Sonidos/grua1.ubulk" 740
"E:/DVJam2023/Content/Sonidos/grua1.uasset" 741
"E:/DVJam2023/Content/Sonidos/grua1.uexp" 742
"E:/DVJam2023/Content/Objetos/Grua3/plataforma_grua_fixed.ubulk" 743
"E:/DVJam2023/Content/Objetos/Grua3/plataforma_grua_fixed.uasset" 744
"E:/DVJam2023/Content/Objetos/Grua3/plataforma_grua_fixed.uexp" 745
"E:/DVJam2023/Content/Sonidos/zumbido2.ubulk" 746
"E:/DVJam2023/Content/Sonidos/zumbido2.uasset" 747
"E:/DVJam2023/Content/Sonidos/zumbido2.uexp" 748
"E:/DVJam2023/Content/Characters/I-MAN/skeleton_idle_Skeleton.uasset" 749
"E:/DVJam2023/Content/Characters/I-MAN/skeleton_idle_Skeleton.uexp" 750
"../../../Engine/Content/Animation/DefaultAnimCurveCompressionSettings.uasset" 751
"../../../Engine/Content/Animation/DefaultAnimCurveCompressionSettings.uexp" 752
"E:/DVJam2023/Content/Sonidos/paso2.ubulk" 753
"E:/DVJam2023/Content/Sonidos/paso2.uasset" 754
"E:/DVJam2023/Content/Sonidos/paso2.uexp" 755
"E:/DVJam2023/Content/Sonidos/paso1.ubulk" 756
"E:/DVJam2023/Content/Sonidos/paso1.uasset" 757
"E:/DVJam2023/Content/Sonidos/paso1.uexp" 758
"E:/DVJam2023/Content/Sonidos/paso5.ubulk" 759
"E:/DVJam2023/Content/Sonidos/paso5.uasset" 760
"E:/DVJam2023/Content/Sonidos/paso5.uexp" 761
"E:/DVJam2023/Content/Sonidos/paso4.ubulk" 762
"E:/DVJam2023/Content/Sonidos/paso4.uasset" 763
"E:/DVJam2023/Content/Sonidos/paso4.uexp" 764
"E:/DVJam2023/Content/Sonidos/paso6.ubulk" 765
"E:/DVJam2023/Content/Sonidos/paso6.uasset" 766
"E:/DVJam2023/Content/Sonidos/paso6.uexp" 767
"E:/DVJam2023/Content/Sonidos/paso3.ubulk" 768
"E:/DVJam2023/Content/Sonidos/paso3.uasset" 769
"E:/DVJam2023/Content/Sonidos/paso3.uexp" 770
"E:/DVJam2023/Content/Sonidos/Pasos/Pasos_cue.uasset" 771
"E:/DVJam2023/Content/Sonidos/Pasos/Pasos_cue.uexp" 772
"../../../Engine/Content/Animation/DefaultAnimBoneCompressionSettings.uasset" 773
"../../../Engine/Content/Animation/DefaultAnimBoneCompressionSettings.uexp" 774
"E:/DVJam2023/Content/Characters/I-MAN/Animaciones/run.uasset" 775
"E:/DVJam2023/Content/Characters/I-MAN/Animaciones/run.uexp" 776
"E:/DVJam2023/Content/Characters/I-MAN/Animaciones/idle_neutral.uasset" 777
"E:/DVJam2023/Content/Characters/I-MAN/Animaciones/idle_neutral.uexp" 778
"E:/DVJam2023/Content/Characters/I-MAN/Animaciones/walk.uasset" 779
"E:/DVJam2023/Content/Characters/I-MAN/Animaciones/walk.uexp" 780
"E:/DVJam2023/Content/Characters/I-MAN/walk_iman.uasset" 781
"E:/DVJam2023/Content/Characters/I-MAN/walk_iman.uexp" 782
"E:/DVJam2023/Content/Characters/I-MAN/Animaciones/falling.uasset" 783
"E:/DVJam2023/Content/Characters/I-MAN/Animaciones/falling.uexp" 784
"E:/DVJam2023/Content/Characters/I-MAN/Animaciones/idle.uasset" 785
"E:/DVJam2023/Content/Characters/I-MAN/Animaciones/idle.uexp" 786
"E:/DVJam2023/Content/Characters/I-MAN/Animaciones/jumping_up.uasset" 787
"E:/DVJam2023/Content/Characters/I-MAN/Animaciones/jumping_up.uexp" 788
"E:/DVJam2023/Content/Characters/I-MAN/Animaciones/landing_1.uasset" 789
"E:/DVJam2023/Content/Characters/I-MAN/Animaciones/landing_1.uexp" 790
"E:/DVJam2023/Content/Characters/I-MAN/Abp_Iman.uasset" 791
"E:/DVJam2023/Content/Characters/I-MAN/Abp_Iman.uexp" 792
"E:/DVJam2023/Content/Widgets/Interface/modal_chico_azul.uasset" 793
"E:/DVJam2023/Content/Widgets/Interface/modal_chico_azul.uexp" 794
"E:/DVJam2023/Content/Widgets/Interface/boton1_azul.uasset" 795
"E:/DVJam2023/Content/Widgets/Interface/boton1_azul.uexp" 796
"E:/DVJam2023/Content/Widgets/Interface/boton1_rojo.uasset" 797
"E:/DVJam2023/Content/Widgets/Interface/boton1_rojo.uexp" 798
"E:/DVJam2023/Content/Widgets/w_pause.uasset" 799
"E:/DVJam2023/Content/Widgets/w_pause.uexp" 800
"E:/DVJam2023/Content/Characters/I-MAN/Animaciones/brazo_rojo.uasset" 801
"E:/DVJam2023/Content/Characters/I-MAN/Animaciones/brazo_rojo.uexp" 802
"E:/DVJam2023/Content/Characters/I-MAN/Animaciones/brazo_rojo_M2.uasset" 803
"E:/DVJam2023/Content/Characters/I-MAN/Animaciones/brazo_rojo_M2.uexp" 804
"../../../Engine/Content/Functions/Engine_MaterialFunctions01/Shading/ConvertFromDiffSpec.uasset" 805
"../../../Engine/Content/Functions/Engine_MaterialFunctions01/Shading/ConvertFromDiffSpec.uexp" 806
"../../../Engine/Content/EditorMaterials/GridMaterial.uasset" 807
"../../../Engine/Content/EditorMaterials/GridMaterial.uexp" 808
"../../../Engine/Content/EditorMeshes/AssetViewer/Floor_Mesh.ubulk" 809
"../../../Engine/Content/EditorMeshes/AssetViewer/Floor_Mesh.uasset" 810
"../../../Engine/Content/EditorMeshes/AssetViewer/Floor_Mesh.uexp" 811
"E:/DVJam2023/Content/Sonidos/choque2.ubulk" 812
"E:/DVJam2023/Content/Sonidos/choque2.uasset" 813
"E:/DVJam2023/Content/Sonidos/choque2.uexp" 814
"E:/DVJam2023/Content/Characters/I-MAN/skeleton_idle_PhysicsAsset.uasset" 815
"E:/DVJam2023/Content/Characters/I-MAN/skeleton_idle_PhysicsAsset.uexp" 816
"E:/DVJam2023/Content/Characters/I-MAN/Materiales/BaseColor.ubulk" 817
"E:/DVJam2023/Content/Characters/I-MAN/Materiales/BaseColor.uasset" 818
"E:/DVJam2023/Content/Characters/I-MAN/Materiales/BaseColor.uexp" 819
"E:/DVJam2023/Content/Characters/I-MAN/Materiales/Material.uasset" 820
"E:/DVJam2023/Content/Characters/I-MAN/Materiales/Material.uexp" 821
"E:/DVJam2023/Content/Characters/I-MAN/skeleton_idle.uasset" 822
"E:/DVJam2023/Content/Characters/I-MAN/skeleton_idle.uexp" 823
"E:/DVJam2023/Content/ThirdPerson/Input/Actions/IA_Jump.uasset" 824
"E:/DVJam2023/Content/ThirdPerson/Input/Actions/IA_Jump.uexp" 825
"E:/DVJam2023/Content/ThirdPerson/Input/Actions/IA_Look.uasset" 826
"E:/DVJam2023/Content/ThirdPerson/Input/Actions/IA_Look.uexp" 827
"E:/DVJam2023/Content/ThirdPerson/Input/Actions/IA_Move.uasset" 828
"E:/DVJam2023/Content/ThirdPerson/Input/Actions/IA_Move.uexp" 829
"E:/DVJam2023/Content/ThirdPerson/Input/IMC_Default.uasset" 830
"E:/DVJam2023/Content/ThirdPerson/Input/IMC_Default.uexp" 831
"E:/DVJam2023/Content/Characters/I-MAN/Animaciones/brazo_azul.uasset" 832
"E:/DVJam2023/Content/Characters/I-MAN/Animaciones/brazo_azul.uexp" 833
"E:/DVJam2023/Content/Characters/I-MAN/Animaciones/brazo_azul_M2.uasset" 834
"E:/DVJam2023/Content/Characters/I-MAN/Animaciones/brazo_azul_M2.uexp" 835
"E:/DVJam2023/Content/Characters/I-MAN/I-MAN.uasset" 836
"E:/DVJam2023/Content/Characters/I-MAN/I-MAN.uexp" 837
"../../../Engine/Content/EngineSky/M_SimpleSkyDome.uasset" 838
"../../../Engine/Content/EngineSky/M_SimpleSkyDome.uexp" 839
"E:/DVJam2023/Content/Sonidos/grua2.ubulk" 840
"E:/DVJam2023/Content/Sonidos/grua2.uasset" 841
"E:/DVJam2023/Content/Sonidos/grua2.uexp" 842
"E:/DVJam2023/Content/Maps/Nivel_Proto2.uexp" 843
"E:/DVJam2023/Content/Maps/Nivel_Proto2.umap" 844
"E:/DVJam2023/Content/Objetos/Escenario/Material_Piso.uasset" 845
"E:/DVJam2023/Content/Objetos/Escenario/Material_Piso.uexp" 846
"E:/DVJam2023/Content/Maps/Nivel_Proto1.uexp" 847
"E:/DVJam2023/Content/Maps/Nivel_Proto1.umap" 848
"E:/DVJam2023/Content/Widgets/Interface/MenuLateral.uasset" 849
"E:/DVJam2023/Content/Widgets/Interface/MenuLateral.uexp" 850
"E:/DVJam2023/Content/Widgets/Interface/boton1_amarillo.uasset" 851
"E:/DVJam2023/Content/Widgets/Interface/boton1_amarillo.uexp" 852
"E:/DVJam2023/Content/Widgets/Interface/modal_amarillo.uasset" 853
"E:/DVJam2023/Content/Widgets/Interface/modal_amarillo.uexp" 854
"E:/DVJam2023/Content/Widgets/W_intro.uasset" 855
"E:/DVJam2023/Content/Widgets/W_intro.uexp" 856
"E:/DVJam2023/Content/Widgets/Interface/presentacion.uasset" 857
"E:/DVJam2023/Content/Widgets/Interface/presentacion.uexp" 858
"E:/DVJam2023/Content/Widgets/W_Menu_Principal.uasset" 859
"E:/DVJam2023/Content/Widgets/W_Menu_Principal.uexp" 860
"E:/DVJam2023/Content/Characters/I-MAN/Espectador.uasset" 861
"E:/DVJam2023/Content/Characters/I-MAN/Espectador.uexp" 862
"E:/DVJam2023/Content/Maps/Menu_Principal_BuiltData.ubulk" 863
"E:/DVJam2023/Content/Maps/Menu_Principal_BuiltData.uasset" 864
"E:/DVJam2023/Content/Maps/Menu_Principal_BuiltData.uexp" 865
"../../../Engine/Content/EngineMaterials/BlendFunc_DefBlend.uasset" 866
"../../../Engine/Content/EngineMaterials/BlendFunc_DefBlend.uexp" 867
"../../../Engine/Content/EngineMaterials/BlendFunc_DefBase.uasset" 868
"../../../Engine/Content/EngineMaterials/BlendFunc_DefBase.uexp" 869
"../../../Engine/Content/Functions/Engine_MaterialFunctions03/Blends/Blend_Overlay.uasset" 870
"../../../Engine/Content/Functions/Engine_MaterialFunctions03/Blends/Blend_Overlay.uexp" 871
"../../../Engine/Content/OpenWorldTemplate/LandscapeMaterial/T_GridChecker_A.ubulk" 872
"../../../Engine/Content/OpenWorldTemplate/LandscapeMaterial/T_GridChecker_A.uasset" 873
"../../../Engine/Content/OpenWorldTemplate/LandscapeMaterial/T_GridChecker_A.uexp" 874
"../../../Engine/Content/Functions/Engine_MaterialFunctions02/Utility/MakeFloat3.uasset" 875
"../../../Engine/Content/Functions/Engine_MaterialFunctions02/Utility/MakeFloat3.uexp" 876
"../../../Engine/Content/Functions/Engine_MaterialFunctions01/Gradient/LinearGradient.uasset" 877
"../../../Engine/Content/Functions/Engine_MaterialFunctions01/Gradient/LinearGradient.uexp" 878
"../../../Engine/Content/Functions/Engine_MaterialFunctions01/ImageAdjustment/CheapContrast.uasset" 879
"../../../Engine/Content/Functions/Engine_MaterialFunctions01/ImageAdjustment/CheapContrast.uexp" 880
"../../../Engine/Content/OpenWorldTemplate/LandscapeMaterial/MF_ProcGrid.uasset" 881
"../../../Engine/Content/OpenWorldTemplate/LandscapeMaterial/MF_ProcGrid.uexp" 882
"../../../Engine/Content/OpenWorldTemplate/LandscapeMaterial/M_ProcGrid.uasset" 883
"../../../Engine/Content/OpenWorldTemplate/LandscapeMaterial/M_ProcGrid.uexp" 884
"../../../Engine/Content/OpenWorldTemplate/LandscapeMaterial/MI_ProcGrid.uasset" 885
"../../../Engine/Content/OpenWorldTemplate/LandscapeMaterial/MI_ProcGrid.uexp" 886
"../../../Engine/Content/EngineVolumetrics/FalloffSphere/Materials/M_EV_FalloffSphere_Master_01.uasset" 887
"../../../Engine/Content/EngineVolumetrics/FalloffSphere/Materials/M_EV_FalloffSphere_Master_01.uexp" 888
"E:/DVJam2023/Content/Objetos/Grua/material_grua.ubulk" 889
"E:/DVJam2023/Content/Objetos/Grua/material_grua.uasset" 890
"E:/DVJam2023/Content/Objetos/Grua/material_grua.uexp" 891
"E:/DVJam2023/Content/Objetos/Grua/Material.uasset" 892
"E:/DVJam2023/Content/Objetos/Grua/Material.uexp" 893
"E:/DVJam2023/Content/Objetos/Grua/grua.ubulk" 894
"E:/DVJam2023/Content/Objetos/Grua/grua.uasset" 895
"E:/DVJam2023/Content/Objetos/Grua/grua.uexp" 896
"E:/DVJam2023/Content/Maps/Menu_Principal.uexp" 897
"E:/DVJam2023/Content/Maps/Menu_Principal.umap" 898
